<?xml version="1.0" encoding="UTF-8"?>
<testsuite xmlns:xsi="http://www.w3.org/2001/XMLSchema-instance" xsi:noNamespaceSchemaLocation="https://maven.apache.org/surefire/maven-surefire-plugin/xsd/surefire-test-report.xsd" version="3.0.2" name="com.dandaev.edu.PersonTest$DefaultValuesTests" time="0.003" tests="7" errors="0" skipped="0" failures="1">
  <properties>
[...]
</properties>
  <testcase name="testPersonEquality" classname="com.dandaev.edu.PersonTest" time="0.0"/>
  <testcase name="slowTest" classname="com.dandaev.edu.PersonTest" time="0.511">
    <system-out><![CDATA[Slow test running ....
]]></system-out>
  </testcase>
  <testcase name="testComplexAssertions" classname="com.dandaev.edu.PersonTest" time="0.01">
    <failure message="Testing person properties (2 failures)&#10;	org.opentest4j.MultipleFailuresError: Testing name (2 failures)&#10;	org.opentest4j.AssertionFailedError: First name check failed ==&gt; expected: &lt;John&gt; but was: &lt;Aibek&gt;&#10;	org.opentest4j.AssertionFailedError: Last name check failed ==&gt; expected: &lt;Doe&gt; but was: &lt;Dandaev&gt;&#10;	org.opentest4j.AssertionFailedError: Age check failed ==&gt; expected: &lt;30&gt; but was: &lt;26&gt;" type="org.opentest4j.MultipleFailuresError"><![CDATA[org.opentest4j.MultipleFailuresError: 
Testing person properties (2 failures)
	org.opentest4j.MultipleFailuresError: Testing name (2 failures)
	org.opentest4j.AssertionFailedError: First name check failed ==> expected: <John> but was: <Aibek>
	org.opentest4j.AssertionFailedError: Last name check failed ==> expected: <Doe> but was: <Dandaev>
	org.opentest4j.AssertionFailedError: Age check failed ==> expected: <30> but was: <26>
	at org.junit.jupiter.api.AssertAll.assertAll(AssertAll.java:80)
	at org.junit.jupiter.api.AssertAll.assertAll(AssertAll.java:44)
	at org.junit.jupiter.api.Assertions.assertAll(Assertions.java:2961)
	at com.dandaev.edu.PersonTest.testComplexAssertions(PersonTest.java:126)
	at java.base/java.lang.reflect.Method.invoke(Method.java:580)
	at java.base/java.util.ArrayList.forEach(ArrayList.java:1596)
	at java.base/java.util.ArrayList.forEach(ArrayList.java:1596)
	Suppressed: org.opentest4j.MultipleFailuresError: Testing name (2 failures)
	org.opentest4j.AssertionFailedError: First name check failed ==> expected: <John> but was: <Aibek>
	org.opentest4j.AssertionFailedError: Last name check failed ==> expected: <Doe> but was: <Dandaev>
		at org.junit.jupiter.api.AssertAll.assertAll(AssertAll.java:80)
		at org.junit.jupiter.api.AssertAll.assertAll(AssertAll.java:44)
		at org.junit.jupiter.api.Assertions.assertAll(Assertions.java:2961)
		at com.dandaev.edu.PersonTest.lambda$testComplexAssertions$2(PersonTest.java:127)
		at org.junit.jupiter.api.AssertAll.lambda$assertAll$0(AssertAll.java:68)
		at java.base/java.util.stream.ReferencePipeline$3$1.accept(ReferencePipeline.java:197)
		at java.base/java.util.Spliterators$ArraySpliterator.forEachRemaining(Spliterators.java:1024)
		at java.base/java.util.stream.AbstractPipeline.copyInto(AbstractPipeline.java:509)
		at java.base/java.util.stream.AbstractPipeline.wrapAndCopyInto(AbstractPipeline.java:499)
		at java.base/java.util.stream.ReduceOps$ReduceOp.evaluateSequential(ReduceOps.java:921)
		at java.base/java.util.stream.AbstractPipeline.evaluate(AbstractPipeline.java:234)
		at java.base/java.util.stream.ReferencePipeline.collect(ReferencePipeline.java:682)
		at org.junit.jupiter.api.AssertAll.assertAll(AssertAll.java:77)
		... 6 more
		Suppressed: org.opentest4j.AssertionFailedError: First name check failed ==> expected: <John> but was: <Aibek>
			at org.junit.jupiter.api.AssertionFailureBuilder.build(AssertionFailureBuilder.java:151)
			at org.junit.jupiter.api.AssertionFailureBuilder.buildAndThrow(AssertionFailureBuilder.java:132)
			at org.junit.jupiter.api.AssertEquals.failNotEqual(AssertEquals.java:197)
			at org.junit.jupiter.api.AssertEquals.assertEquals(AssertEquals.java:182)
			at org.junit.jupiter.api.Assertions.assertEquals(Assertions.java:1156)
			at com.dandaev.edu.PersonTest.lambda$testComplexAssertions$0(PersonTest.java:128)
			at org.junit.jupiter.api.AssertAll.lambda$assertAll$0(AssertAll.java:68)
			at java.base/java.util.stream.ReferencePipeline$3$1.accept(ReferencePipeline.java:197)
			at java.base/java.util.Spliterators$ArraySpliterator.forEachRemaining(Spliterators.java:1024)
			at java.base/java.util.stream.AbstractPipeline.copyInto(AbstractPipeline.java:509)
			at java.base/java.util.stream.AbstractPipeline.wrapAndCopyInto(AbstractPipeline.java:499)
			at java.base/java.util.stream.ReduceOps$ReduceOp.evaluateSequential(ReduceOps.java:921)
			at java.base/java.util.stream.AbstractPipeline.evaluate(AbstractPipeline.java:234)
			at java.base/java.util.stream.ReferencePipeline.collect(ReferencePipeline.java:682)
			at org.junit.jupiter.api.AssertAll.assertAll(AssertAll.java:77)
			... 18 more
		Suppressed: org.opentest4j.AssertionFailedError: Last name check failed ==> expected: <Doe> but was: <Dandaev>
			at org.junit.jupiter.api.AssertionFailureBuilder.build(AssertionFailureBuilder.java:151)
			at org.junit.jupiter.api.AssertionFailureBuilder.buildAndThrow(AssertionFailureBuilder.java:132)
			at org.junit.jupiter.api.AssertEquals.failNotEqual(AssertEquals.java:197)
			at org.junit.jupiter.api.AssertEquals.assertEquals(AssertEquals.java:182)
			at org.junit.jupiter.api.Assertions.assertEquals(Assertions.java:1156)
			at com.dandaev.edu.PersonTest.lambda$testComplexAssertions$1(PersonTest.java:129)
			at org.junit.jupiter.api.AssertAll.lambda$assertAll$0(AssertAll.java:68)
			at java.base/java.util.stream.ReferencePipeline$3$1.accept(ReferencePipeline.java:197)
			at java.base/java.util.Spliterators$ArraySpliterator.forEachRemaining(Spliterators.java:1024)
			at java.base/java.util.stream.AbstractPipeline.copyInto(AbstractPipeline.java:509)
			at java.base/java.util.stream.AbstractPipeline.wrapAndCopyInto(AbstractPipeline.java:499)
			at java.base/java.util.stream.ReduceOps$ReduceOp.evaluateSequential(ReduceOps.java:921)
			at java.base/java.util.stream.AbstractPipeline.evaluate(AbstractPipeline.java:234)
			at java.base/java.util.stream.ReferencePipeline.collect(ReferencePipeline.java:682)
			at org.junit.jupiter.api.AssertAll.assertAll(AssertAll.java:77)
			... 18 more
	Suppressed: org.opentest4j.AssertionFailedError: Age check failed ==> expected: <30> but was: <26>
		at org.junit.jupiter.api.AssertionFailureBuilder.build(AssertionFailureBuilder.java:151)
		at org.junit.jupiter.api.AssertionFailureBuilder.buildAndThrow(AssertionFailureBuilder.java:132)
		at org.junit.jupiter.api.AssertEquals.failNotEqual(AssertEquals.java:197)
		at org.junit.jupiter.api.AssertEquals.assertEquals(AssertEquals.java:150)
		at org.junit.jupiter.api.Assertions.assertEquals(Assertions.java:563)
		at com.dandaev.edu.PersonTest.lambda$testComplexAssertions$3(PersonTest.java:131)
		at org.junit.jupiter.api.AssertAll.lambda$assertAll$0(AssertAll.java:68)
		at java.base/java.util.stream.ReferencePipeline$3$1.accept(ReferencePipeline.java:197)
		at java.base/java.util.Spliterators$ArraySpliterator.forEachRemaining(Spliterators.java:1024)
		at java.base/java.util.stream.AbstractPipeline.copyInto(AbstractPipeline.java:509)
		at java.base/java.util.stream.AbstractPipeline.wrapAndCopyInto(AbstractPipeline.java:499)
		at java.base/java.util.stream.ReduceOps$ReduceOp.evaluateSequential(ReduceOps.java:921)
		at java.base/java.util.stream.AbstractPipeline.evaluate(AbstractPipeline.java:234)
		at java.base/java.util.stream.ReferencePipeline.collect(ReferencePipeline.java:682)
		at org.junit.jupiter.api.AssertAll.assertAll(AssertAll.java:77)
		... 6 more
]]></failure>
  </testcase>
  <testcase name="testFullNameConcatenation" classname="com.dandaev.edu.PersonTest" time="0.001"/>
  <testcase name="testDefaultAge" classname="com.dandaev.edu.PersonTest$DefaultValuesTests" time="0.0"/>
  <testcase name="testDefaultLastName" classname="com.dandaev.edu.PersonTest$DefaultValuesTests" time="0.001"/>
  <testcase name="testDefaultFirstName" classname="com.dandaev.edu.PersonTest$DefaultValuesTests" time="0.0"/>
</testsuite>